PRT1
47
83
4 0 14 (1024 1024 -128 ) (1024 1024 64 ) (1024 1088 64 ) (1024 1088 -128 ) 
4 0 10 (1408 1024 64 ) (1392 1024 64 ) (1392 1024 -128 ) (1408 1024 -128 ) 
4 0 11 (1392 1024 64 ) (1024 1024 64 ) (1024 1024 -128 ) (1392 1024 -128 ) 
4 0 7 (1500.434326 1024 -128 ) (1500.434326 1024 64 ) (1408 1024 64 ) (1408 1024 -128 ) 
4 1 12 (2240 0 -128 ) (2240 0 416 ) (2048 0 416 ) (2048 0 -128 ) 
4 1 2 (2048 544 -128 ) (2048 0 -128 ) (2048 0 416 ) (2048 544 416 ) 
4 2 13 (2048 0 -128 ) (2048 0 416 ) (1600 0 416 ) (1600 0 -128 ) 
4 2 5 (1600 768 -128 ) (1600 0 -128 ) (1600 0 64 ) (1600 768 64 ) 
4 2 3 (1600 0 64 ) (1600 0 416 ) (1600 768 416 ) (1600 768 64 ) 
4 3 15 (1024 0 64 ) (1024 0 416 ) (1024 480 416 ) (1024 480 64 ) 
4 3 13 (1024 0 416 ) (1024 0 64 ) (1600 0 64 ) (1600 0 416 ) 
4 3 6 (1024 0 64 ) (1024 480 64 ) (1408 672 64 ) (1408 0 64 ) 
4 3 5 (1408 672 64 ) (1600 768 64 ) (1600 0 64 ) (1408 0 64 ) 
4 4 8 (1536 768 64 ) (1600 800 64 ) (1600 800 -128 ) (1536 768 -128 ) 
4 4 5 (1536 768 -128 ) (1600 768 -128 ) (1600 768 64 ) (1536 768 64 ) 
4 5 13 (1408 0 -128 ) (1600 0 -128 ) (1600 0 64 ) (1408 0 64 ) 
4 5 9 (1408 704 64 ) (1536 768 64 ) (1536 768 -128 ) (1408 704 -128 ) 
4 5 6 (1408 672 -128 ) (1408 0 -128 ) (1408 0 64 ) (1408 672 64 ) 
4 6 16 (1024 0 -128 ) (1024 0 64 ) (1024 480 64 ) (1024 480 -128 ) 
4 6 13 (1024 0 64 ) (1024 0 -128 ) (1408 0 -128 ) (1408 0 64 ) 
4 7 10 (1408 1024 64 ) (1408 1024 -128 ) (1408 800 -128 ) (1408 800 64 ) 
4 7 8 (1408 800 -128 ) (1599.988281 800 -128 ) (1599.988281 800 64 ) (1408 800 64 ) 
4 8 9 (1408 768 -128 ) (1536 768 -128 ) (1536 768 64 ) (1408 768 64 ) 
4 10 11 (1392 1024 -128 ) (1392 800 -128 ) (1392 800 64 ) (1392 1024 64 ) 
4 11 17 (1024 512 -128 ) (1024 512 64 ) (1024 1024 64 ) (1024 1024 -128 ) 
4 12 13 (2048 0 416 ) (2048 0 -128 ) (2048 -512 -128 ) (2048 -512 416 ) 
4 13 28 (1024 -224 416 ) (1024 0 416 ) (1024 0 -128 ) (1024 -224 -128 ) 
4 14 22 (640 1024 64 ) (448 1024 64 ) (448 1024 -128 ) (640 1024 -128 ) 
4 14 20 (960 1024 64 ) (640 1024 64 ) (640 1024 -128 ) (960 1024 -128 ) 
4 14 17 (1024 1024 -128 ) (1024 1024 64 ) (960 1024 64 ) (960 1024 -128 ) 
4 15 28 (1024 0 64 ) (1024 0 416 ) (960 0 416 ) (960 0 64 ) 
4 15 18 (960 0 64 ) (960 0 416 ) (960 448 416 ) (960 448 64 ) 
4 15 16 (960 0 64 ) (960 448 64 ) (1024 480 64 ) (1024 0 64 ) 
4 16 28 (1024 0 -128 ) (1024 0 64 ) (960 0 64 ) (960 0 -128 ) 
4 16 19 (960 448 -128 ) (960 0 -128 ) (960 0 64 ) (960 448 64 ) 
4 17 20 (960 1024 -128 ) (960 480 -128 ) (960 480 64 ) (960 1024 64 ) 
4 18 29 (640 0 416 ) (640 0 64 ) (960 0 64 ) (960 0 416 ) 
4 18 21 (640 608 64 ) (640 0 64 ) (640 0 416 ) (640 608 416 ) 
4 18 19 (640 0 64 ) (640 608 64 ) (960 448 64 ) (960 0 64 ) 
4 19 29 (640 0 64 ) (640 0 -128 ) (960 0 -128 ) (960 0 64 ) 
4 19 24 (640 608 -128 ) (640 0 -128 ) (640 0 64 ) (640 608 64 ) 
4 20 22 (640 1024 64 ) (640 1024 -128 ) (640 640 -128 ) (640 640 64 ) 
4 21 30 (256 0 416 ) (256 0 64 ) (640 0 64 ) (640 0 416 ) 
4 21 25 (256 0 64 ) (256 0 416 ) (256 608 416 ) (256 608 64 ) 
4 21 24 (256 0 64 ) (256 608 64 ) (640 608 64 ) (640 0 64 ) 
4 22 23 (384 640 32 ) (384 640 -128 ) (512 640 -128 ) (512 640 32 ) 
4 23 24 (384 608 32 ) (384 608 -128 ) (512 608 -128 ) (512 608 32 ) 
4 24 30 (256 0 64 ) (256 0 -128 ) (640 0 -128 ) (640 0 64 ) 
4 24 25 (256 608 -128 ) (256 0 -128 ) (256 0 64 ) (256 608 64 ) 
4 25 33 (0 0 416 ) (0 0 -128 ) (256 0 -128 ) (256 0 416 ) 
4 25 26 (0 480 -128 ) (0 0 -128 ) (0 0 416 ) (0 480 416 ) 
4 26 36 (0 0 -128 ) (0 0 416 ) (-64 0 416 ) (-64 0 -128 ) 
4 26 27 (-64 448 -128 ) (-64 0 -128 ) (-64 0 416 ) (-64 448 416 ) 
4 27 45 (-1024 768 -128 ) (-1024 0 -128 ) (-1024 0 416 ) (-1024 768 416 ) 
4 27 42 (-1024 0 64 ) (-1024 0 -128 ) (-512 0 -128 ) (-512 0 64 ) 
4 27 39 (-512 0 -128 ) (-64 0 -128 ) (-64 0 64 ) (-512 0 64 ) 
4 27 38 (-1024 0 416 ) (-1024 0 64 ) (-704 0 64 ) (-704 0 416 ) 
4 27 37 (-704 0 64 ) (-64 0 64 ) (-64 0 416 ) (-704 0 416 ) 
4 28 29 (960 0 416 ) (960 0 -128 ) (960 -192 -128 ) (960 -192 416 ) 
4 29 30 (640 0 -128 ) (640 -352 -128 ) (640 -352 416 ) (640 0 416 ) 
4 30 33 (256 0 416 ) (256 0 -128 ) (256 -352 -128 ) (256 -352 416 ) 
4 30 31 (384 -352 -128 ) (512 -352 -128 ) (512 -352 32 ) (384 -352 32 ) 
4 31 34 (384 -384 -128 ) (512 -384 -128 ) (512 -384 32 ) (384 -384 32 ) 
4 32 35 (0 -256 -128 ) (0 -384 -128 ) (0 -384 64 ) (0 -256 64 ) 
4 32 34 (0 -384 64 ) (0 -384 -128 ) (256 -384 -128 ) (256 -384 64 ) 
4 33 36 (0 0 416 ) (0 0 -128 ) (0 -224 -128 ) (0 -224 416 ) 
4 34 35 (0 -832 64 ) (0 -384 64 ) (0 -384 -128 ) (0 -832 -128 ) 
4 35 41 (-64 -832 -128 ) (-64 -832 64 ) (-64 -544 64 ) (-64 -544 -128 ) 
4 35 40 (-64 -544 64 ) (-64 -224 64 ) (-64 -224 -128 ) (-64 -544 -128 ) 
4 36 39 (-64 0 64 ) (-64 0 -128 ) (-64 -192 -128 ) (-64 -192 64 ) 
4 36 37 (-64 0 416 ) (-64 0 64 ) (-64 -192 64 ) (-64 -192 416 ) 
4 37 42 (-704 0 64 ) (-512 0 64 ) (-512 -416 64 ) (-704 -512 64 ) 
4 37 39 (-512 0 64 ) (-64 0 64 ) (-64 -192 64 ) (-512 -416 64 ) 
4 37 38 (-704 0 416 ) (-704 0 64 ) (-704 -512 64 ) (-704 -512 416 ) 
4 38 46 (-1024 -512 416 ) (-1024 0 416 ) (-1024 0 64 ) (-1024 -512 64 ) 
4 38 42 (-1024 -512 64 ) (-1024 0 64 ) (-704 0 64 ) (-704 -512 64 ) 
4 39 42 (-512 0 -128 ) (-512 -416 -128 ) (-512 -416 64 ) (-512 0 64 ) 
4 40 41 (-496 -544 -128 ) (-64 -544 -128 ) (-64 -544 64 ) (-496 -544 64 ) 
4 41 44 (-512 -544 -128 ) (-512 -832 -128 ) (-512 -832 64 ) (-512 -544 64 ) 
4 42 46 (-1024 -512 64 ) (-1024 0 64 ) (-1024 0 -128 ) (-1024 -512 -128 ) 
4 42 43 (-704 -512 -128 ) (-512 -512 -128 ) (-512 -512 64 ) (-704 -512 64 ) 
4 43 44 (-703.998047 -544 64 ) (-703.998047 -544 -128 ) (-512 -544 -128 ) (-512 -544 64 ) 
4 45 46 (-1024 0 -128 ) (-1024 0 416 ) (-1344 0 416 ) (-1344 0 -128 ) 
